<?xml version="1.0" encoding="UTF-8"?>
<!-- Generated by org.testng.reporters.JUnitReportReporter -->
<testsuite skipped="2" hostname="Atish" name="TestCases.HomePageTest" tests="11" failures="0" timestamp="08 Apr 2018 13:56:59 GMT" time="704.440" errors="0">
  <testcase name="performSearch" time="65.617" classname="TestCases.HomePageTest"/>
  <testcase name="performSearch" time="67.529" classname="TestCases.HomePageTest">
    <skipped/>
  </testcase> <!-- performSearch -->
  <testcase name="performSearch" time="58.501" classname="TestCases.HomePageTest"/>
  <testcase name="performSearch" time="71.603" classname="TestCases.HomePageTest"/>
  <testcase name="performSearch" time="59.290" classname="TestCases.HomePageTest"/>
  <testcase name="performSearch" time="62.378" classname="TestCases.HomePageTest"/>
  <testcase name="performSearch" time="62.003" classname="TestCases.HomePageTest"/>
  <testcase name="performSearch" time="69.519" classname="TestCases.HomePageTest">
    <skipped/>
  </testcase> <!-- performSearch -->
  <testcase name="performSearch" time="65.239" classname="TestCases.HomePageTest"/>
  <testcase name="performSearch" time="63.275" classname="TestCases.HomePageTest"/>
  <testcase name="performSearch" time="59.486" classname="TestCases.HomePageTest"/>
</testsuite> <!-- TestCases.HomePageTest -->
