<?xml version="1.0" encoding="UTF-8"?>
<!-- Generated by org.testng.reporters.JUnitReportReporter -->
<testsuite skipped="0" hostname="Atish" name="TestCases.HomePageTest" tests="1" failures="0" timestamp="04 Apr 2018 04:33:03 GMT" time="43.530" errors="0">
  <testcase name="performSearch" time="43.530" classname="TestCases.HomePageTest"/>
</testsuite> <!-- TestCases.HomePageTest -->
